Whitelisted: _bobuttan_
Who Accepted: _bobuttan_
Date: 2025-03-20
Time: 10:40:23 am
------------------------------------------------------------
Whitelisted: _bobuttan_
Who Accepted: _bobuttan_
Date: 2025-03-20
Time: 10:48:55 am
------------------------------------------------------------
Whitelisted: john_luka
Who Accepted: stalin_kattakada
Date: 2025-03-22
Time: 5:50:37 pm
------------------------------------------------------------
Whitelisted: john_luka
Who Accepted: _bobuttan_
Date: 2025-03-22
Time: 5:50:38 pm
------------------------------------------------------------
Whitelisted: _bobuttan_
Who Accepted: stalin_kattakada
Date: 2025-03-22
Time: 5:51:20 pm
------------------------------------------------------------
Whitelisted: _bobuttan_
Who Accepted: _bobuttan_
Date: 2025-03-22
Time: 5:51:20 pm
------------------------------------------------------------
Whitelisted: _bobuttan_
Who Accepted: _bobuttan_
Date: 2025-03-22
Time: 6:02:42 pm
------------------------------------------------------------
Whitelisted: .freya4
Who Accepted: pld_appachan
Date: 2025-03-22
Time: 6:06:08 pm
------------------------------------------------------------
Whitelisted: tiliyo01
Who Accepted: stalin_kattakada
Date: 2025-03-22
Time: 6:46:33 pm
------------------------------------------------------------
Whitelisted: me_bot_777
Who Accepted: _bobuttan_
Date: 2025-03-22
Time: 9:21:39 pm
------------------------------------------------------------
Whitelisted: _bobuttan_
Who Accepted: _bobuttan_
Date: 2025-03-24
Time: 8:54:32 am
------------------------------------------------------------
Whitelisted: _bobuttan_
Who Accepted: tom_sir4444
Date: 2025-03-24
Time: 10:43:52 am
------------------------------------------------------------
Whitelisted: _bobuttan_
Who Accepted: stalin_kattakada
Date: 2025-03-24
Time: 10:46:23 am
------------------------------------------------------------
Whitelisted: _bobuttan_
Who Accepted: stalin_kattakada
Date: 2025-03-24
Time: 10:47:07 am
------------------------------------------------------------
Whitelisted: _bobuttan_
Who Accepted: pld_appachan
Date: 2025-03-24
Time: 10:48:30 am
------------------------------------------------------------
Whitelisted: _bobuttan_
Who Accepted: _bobuttan_
Date: 2025-03-24
Time: 10:54:17 am
------------------------------------------------------------
Whitelisted: wilson_2219.
Who Accepted: abin.ftw
Date: 2025-03-27
Time: 5:55:54 pm
------------------------------------------------------------
Whitelisted: vort3_x
Who Accepted: _bobuttan_
Date: 2025-04-01
Time: 10:36:55 AM
------------------------------------------------------------
Whitelisted: menny7339
Who Accepted: stalin_kattakada
Date: 2025-04-01
Time: 10:42:18 AM
------------------------------------------------------------
Whitelisted: fluffy_xz
Who Accepted: sappuzgaming
Date: 2025-04-01
Time: 10:55:35 AM
------------------------------------------------------------
Whitelisted: vengeak
Who Accepted: _bobuttan_
Date: 2025-04-01
Time: 12:37:33 PM
------------------------------------------------------------
Whitelisted: lockeygod
Who Accepted: _bobuttan_
Date: 2025-04-01
Time: 12:37:39 PM
------------------------------------------------------------
Whitelisted: milensany
Who Accepted: stalin_kattakada
Date: 2025-04-01
Time: 12:58:44 PM
------------------------------------------------------------
Whitelisted: aizenbtw1275
Who Accepted: stalin_kattakada
Date: 2025-04-01
Time: 1:01:36 PM
------------------------------------------------------------
Whitelisted: aman0338
Who Accepted: _bobuttan_
Date: 2025-04-01
Time: 1:07:16 PM
------------------------------------------------------------
Whitelisted: prime_ser
Who Accepted: abin.ftw
Date: 2025-04-01
Time: 2:01:35 PM
------------------------------------------------------------
Whitelisted: paradox_blood
Who Accepted: abin.ftw
Date: 2025-04-01
Time: 2:12:05 PM
------------------------------------------------------------
Whitelisted: paradox_blood
Who Accepted: _bobuttan_
Date: 2025-04-01
Time: 2:12:05 PM
------------------------------------------------------------
Whitelisted: _zack_god_
Who Accepted: _bobuttan_
Date: 2025-04-01
Time: 2:12:39 PM
------------------------------------------------------------
Whitelisted: bruce_wayne0051
Who Accepted: _bobuttan_
Date: 2025-04-01
Time: 2:13:06 PM
------------------------------------------------------------
Whitelisted: sus_x6
Who Accepted: abin.ftw
Date: 2025-04-01
Time: 2:24:45 PM
------------------------------------------------------------
Whitelisted: sus_x6
Who Accepted: _bobuttan_
Date: 2025-04-01
Time: 2:24:45 PM
------------------------------------------------------------
Whitelisted: sanju.zap
Who Accepted: nimon.bliss
Date: 2025-04-01
Time: 2:49:08 PM
------------------------------------------------------------
Whitelisted: sanju.zap
Who Accepted: _bobuttan_
Date: 2025-04-01
Time: 2:49:09 PM
------------------------------------------------------------
Whitelisted: icarefuly
Who Accepted: _bobuttan_
Date: 2025-04-01
Time: 3:12:59 PM
------------------------------------------------------------
Whitelisted: ameen_sharaf
Who Accepted: _bobuttan_
Date: 2025-04-01
Time: 3:22:54 PM
------------------------------------------------------------
Whitelisted: god_zedone
Who Accepted: alfredo_0544
Date: 2025-04-01
Time: 3:46:29 PM
------------------------------------------------------------
Whitelisted: trypex_senzo
Who Accepted: stalin_kattakada
Date: 2025-04-01
Time: 4:16:11 PM
------------------------------------------------------------
Whitelisted: mukesh_1317
Who Accepted: abin.ftw
Date: 2025-04-01
Time: 4:51:09 PM
------------------------------------------------------------
Whitelisted: mukesh_1317
Who Accepted: _bobuttan_
Date: 2025-04-01
Time: 4:51:09 PM
------------------------------------------------------------
Whitelisted: leo_hawkins
Who Accepted: abin.ftw
Date: 2025-04-01
Time: 4:51:09 PM
------------------------------------------------------------
Whitelisted: rasal_1015_20881
Who Accepted: stalin_kattakada
Date: 2025-04-01
Time: 4:51:36 PM
------------------------------------------------------------
Whitelisted: sivadoss
Who Accepted: alfredo_0544
Date: 2025-04-01
Time: 4:52:54 PM
------------------------------------------------------------
Whitelisted: jod_das_op
Who Accepted: abin.ftw
Date: 2025-04-01
Time: 4:53:42 PM
------------------------------------------------------------
Whitelisted: jod_das_op
Who Accepted: _bobuttan_
Date: 2025-04-01
Time: 4:53:43 PM
------------------------------------------------------------
Whitelisted: candyy.guyyy
Who Accepted: _bobuttan_
Date: 2025-04-01
Time: 4:56:55 PM
------------------------------------------------------------
Whitelisted: anbu_leo
Who Accepted: _bobuttan_
Date: 2025-04-01
Time: 4:59:05 PM
------------------------------------------------------------
Whitelisted: rioke.
Who Accepted: tom_sir4444
Date: 2025-04-01
Time: 5:11:45 PM
------------------------------------------------------------
Whitelisted: alonemjboy
Who Accepted: abin.ftw
Date: 2025-04-01
Time: 5:29:35 PM
------------------------------------------------------------
Whitelisted: dingan.ftw
Who Accepted: tom_sir4444
Date: 2025-04-01
Time: 5:45:03 PM
------------------------------------------------------------
Whitelisted: aneeq_pc
Who Accepted: tom_sir4444
Date: 2025-04-01
Time: 5:57:34 PM
------------------------------------------------------------
Whitelisted: aneeq_pc
Who Accepted: tom_sir4444
Date: 2025-04-01
Time: 5:57:36 PM
------------------------------------------------------------
Whitelisted: mrkhaleel
Who Accepted: abin.ftw
Date: 2025-04-01
Time: 5:57:50 PM
------------------------------------------------------------
Whitelisted: saniiyyhh
Who Accepted: abin.ftw
Date: 2025-04-01
Time: 6:50:35 PM
------------------------------------------------------------
Whitelisted: lugil_999
Who Accepted: abin.ftw
Date: 2025-04-01
Time: 6:50:37 PM
------------------------------------------------------------
Whitelisted: _nick_exe_
Who Accepted: abin.ftw
Date: 2025-04-01
Time: 6:50:45 PM
------------------------------------------------------------
Whitelisted: stock3rx
Who Accepted: abin.ftw
Date: 2025-04-01
Time: 6:50:46 PM
------------------------------------------------------------
Whitelisted: krish069027
Who Accepted: abin.ftw
Date: 2025-04-01
Time: 6:50:46 PM
------------------------------------------------------------
Whitelisted: luvhhhhh
Who Accepted: abin.ftw
Date: 2025-04-01
Time: 6:50:48 PM
------------------------------------------------------------
Whitelisted: kenver.dev
Who Accepted: abin.ftw
Date: 2025-04-01
Time: 6:52:39 PM
------------------------------------------------------------
Whitelisted: ashwinbruda
Who Accepted: stalin_kattakada
Date: 2025-04-01
Time: 6:55:16 PM
------------------------------------------------------------
Whitelisted: titanxpavan
Who Accepted: _bobuttan_
Date: 2025-04-01
Time: 7:57:22 PM
------------------------------------------------------------
Whitelisted: asjad02936
Who Accepted: _bobuttan_
Date: 2025-04-01
Time: 7:59:34 PM
------------------------------------------------------------
Whitelisted: aromalpopzz
Who Accepted: _bobuttan_
Date: 2025-04-01
Time: 8:21:02 PM
------------------------------------------------------------
Whitelisted: akaza_aa
Who Accepted: abin.ftw
Date: 2025-04-01
Time: 8:39:22 PM
------------------------------------------------------------
Whitelisted: sins.369
Who Accepted: abin.ftw
Date: 2025-04-01
Time: 9:25:56 PM
------------------------------------------------------------
Whitelisted: delightful_flamingo_24058
Who Accepted: abin.ftw
Date: 2025-04-02
Time: 6:12:46 AM
------------------------------------------------------------
Whitelisted: itachi10_btw
Who Accepted: abin.ftw
Date: 2025-04-02
Time: 6:12:48 AM
------------------------------------------------------------
Whitelisted: andrinftw1785
Who Accepted: tom_sir4444
Date: 2025-04-02
Time: 7:36:37 AM
------------------------------------------------------------
Whitelisted: blackjoker3446
Who Accepted: _bobuttan_
Date: 2025-04-03
Time: 1:45:02 pm
------------------------------------------------------------
Whitelisted: _bobuttan_
Who Accepted: _zack_god_
Date: 2025-04-03
Time: 1:48:12 pm
------------------------------------------------------------
Whitelisted: groot.ftw
Who Accepted: _zack_god_
Date: 2025-04-03
Time: 12:16:40 PM
------------------------------------------------------------
Whitelisted: malik0286
Who Accepted: tom_sir4444
Date: 2025-04-03
Time: 5:53:43 PM
------------------------------------------------------------
Whitelisted: abhi._.boss
Who Accepted: tom_sir4444
Date: 2025-04-03
Time: 5:55:45 PM
------------------------------------------------------------
Whitelisted: michael_abraham_0011
Who Accepted: tom_sir4444
Date: 2025-04-03
Time: 5:57:32 PM
------------------------------------------------------------
Whitelisted: blast69
Who Accepted: _bobuttan_
Date: 2025-04-03
Time: 6:00:56 PM
------------------------------------------------------------
Whitelisted: zombieboyyh
Who Accepted: _zack_god_
Date: 2025-04-03
Time: 6:07:00 PM
------------------------------------------------------------
Whitelisted: ghostx011
Who Accepted: _zack_god_
Date: 2025-04-03
Time: 7:31:12 PM
------------------------------------------------------------
Whitelisted: streamerabhi
Who Accepted: _bobuttan_
Date: 2025-04-03
Time: 8:39:30 PM
------------------------------------------------------------
Whitelisted: adith0786
Who Accepted: _zack_god_
Date: 2025-04-03
Time: 9:24:39 PM
------------------------------------------------------------
Whitelisted: emin098067
Who Accepted: _bobuttan_
Date: 2025-04-04
Time: 7:34:42 AM
------------------------------------------------------------
Whitelisted: anoottii
Who Accepted: nimon.bliss
Date: 2025-04-04
Time: 10:54:01 AM
------------------------------------------------------------
Whitelisted: bunny.og
Who Accepted: nimon.bliss
Date: 2025-04-04
Time: 10:54:05 AM
------------------------------------------------------------
Whitelisted: narachii_og
Who Accepted: nimon.bliss
Date: 2025-04-04
Time: 10:54:14 AM
------------------------------------------------------------
Whitelisted: zip.file
Who Accepted: abin.ftw
Date: 2025-04-04
Time: 11:46:30 AM
------------------------------------------------------------
Whitelisted: _beastguy_
Who Accepted: abin.ftw
Date: 2025-04-04
Time: 12:16:16 PM
------------------------------------------------------------
Whitelisted: bedrockyttamil
Who Accepted: tom_sir4444
Date: 2025-04-04
Time: 1:38:09 PM
------------------------------------------------------------
Whitelisted: bawiaaiaigua
Who Accepted: tom_sir4444
Date: 2025-04-04
Time: 4:41:27 PM
------------------------------------------------------------
Whitelisted: menly_snipe
Who Accepted: abin.ftw
Date: 2025-04-04
Time: 4:44:37 PM
------------------------------------------------------------
Whitelisted: blind4441387
Who Accepted: _zack_god_
Date: 2025-04-04
Time: 8:41:33 PM
------------------------------------------------------------
Whitelisted: vasco__sir
Who Accepted: abin.ftw
Date: 2025-04-04
Time: 11:31:51 PM
------------------------------------------------------------
Whitelisted: mr.wolf0803
Who Accepted: abin.ftw
Date: 2025-04-05
Time: 6:43:36 AM
------------------------------------------------------------
Whitelisted: trxzoro_89
Who Accepted: abin.ftw
Date: 2025-04-05
Time: 9:13:44 AM
------------------------------------------------------------
Whitelisted: kolarkaran
Who Accepted: tom_sir4444
Date: 2025-04-05
Time: 10:36:29 AM
------------------------------------------------------------
Whitelisted: nachuuuii
Who Accepted: bawiaaiaigua
Date: 2025-04-05
Time: 12:14:57 PM
------------------------------------------------------------
Whitelisted: kiduuurizzz
Who Accepted: tom_sir4444
Date: 2025-04-05
Time: 4:55:56 PM
------------------------------------------------------------
Whitelisted: anish6255
Who Accepted: bawiaaiaigua
Date: 2025-04-05
Time: 5:05:09 PM
------------------------------------------------------------
Whitelisted: cruzex_1018
Who Accepted: bawiaaiaigua
Date: 2025-04-05
Time: 5:39:03 PM
------------------------------------------------------------
Whitelisted: ittachi_goat
Who Accepted: tom_sir4444
Date: 2025-04-05
Time: 6:59:29 PM
------------------------------------------------------------
Whitelisted: _monkey_d_luffy_0
Who Accepted: tom_sir4444
Date: 2025-04-05
Time: 6:59:32 PM
------------------------------------------------------------
Whitelisted: willyhhhh_
Who Accepted: tom_sir4444
Date: 2025-04-05
Time: 6:59:32 PM
------------------------------------------------------------
Whitelisted: ns_gamer
Who Accepted: stalin_kattakada
Date: 2025-04-05
Time: 9:29:19 PM
------------------------------------------------------------
Whitelisted: kingmaestros
Who Accepted: _bobuttan_
Date: 2025-04-06
Time: 5:18:43 AM
------------------------------------------------------------
Whitelisted: thefroxy777
Who Accepted: _zack_god_
Date: 2025-04-06
Time: 9:32:51 AM
------------------------------------------------------------
Whitelisted: spzfarhan
Who Accepted: tom_sir4444
Date: 2025-04-06
Time: 11:20:31 AM
------------------------------------------------------------
Whitelisted: ben_boy2255
Who Accepted: abin.ftw
Date: 2025-04-07
Time: 8:07:42 AM
------------------------------------------------------------
Whitelisted: wikky4383
Who Accepted: _bobuttan_
Date: 2025-04-07
Time: 9:02:40 AM
------------------------------------------------------------
Whitelisted: krizyt.
Who Accepted: _bobuttan_
Date: 2025-04-07
Time: 1:47:35 PM
------------------------------------------------------------
Whitelisted: aaronjoseph8055
Who Accepted: _bobuttan_
Date: 2025-04-07
Time: 1:47:36 PM
------------------------------------------------------------
Whitelisted: tooty.ftw
Who Accepted: bawiaaiaigua
Date: 2025-04-07
Time: 2:43:18 PM
------------------------------------------------------------
Whitelisted: ruben_rao
Who Accepted: abin.ftw
Date: 2025-04-07
Time: 8:38:23 PM
------------------------------------------------------------
Whitelisted: xyrex_zero
Who Accepted: bawiaaiaigua
Date: 2025-04-08
Time: 10:42:16 AM
------------------------------------------------------------
Whitelisted: rezolo
Who Accepted: sappuzgaming
Date: 2025-04-08
Time: 2:22:31 PM
------------------------------------------------------------
Whitelisted: farxlolan
Who Accepted: _bobuttan_
Date: 2025-04-08
Time: 3:34:48 PM
------------------------------------------------------------
Whitelisted: uwu_lilac
Who Accepted: _bobuttan_
Date: 2025-04-08
Time: 5:16:18 PM
------------------------------------------------------------
Whitelisted: _akku___
Who Accepted: tom_sir4444
Date: 2025-04-08
Time: 7:12:52 PM
------------------------------------------------------------
Whitelisted: nicolazz_jd_
Who Accepted: tom_sir4444
Date: 2025-04-08
Time: 7:12:53 PM
------------------------------------------------------------
Whitelisted: mrbobyt
Who Accepted: abin.ftw
Date: 2025-04-08
Time: 9:09:02 PM
------------------------------------------------------------
Whitelisted: emusem.
Who Accepted: _bobuttan_
Date: 2025-04-09
Time: 11:18:09 AM
------------------------------------------------------------
Whitelisted: skeixo
Who Accepted: sappuzgaming
Date: 2025-04-09
Time: 12:13:33 PM
------------------------------------------------------------
Whitelisted: mar_seen_
Who Accepted: .pooppi
Date: 2025-04-09
Time: 2:01:56 PM
------------------------------------------------------------
Whitelisted: _white_000
Who Accepted: .pooppi
Date: 2025-04-09
Time: 2:04:53 PM
------------------------------------------------------------
Whitelisted: tr0xxy
Who Accepted: _bobuttan_
Date: 2025-04-09
Time: 4:33:36 PM
------------------------------------------------------------
Whitelisted: powerspideryt
Who Accepted: _bobuttan_
Date: 2025-04-09
Time: 4:39:38 PM
------------------------------------------------------------
Whitelisted: _kevin.77.
Who Accepted: _bobuttan_
Date: 2025-04-09
Time: 5:04:23 PM
------------------------------------------------------------
Whitelisted: zacklt30706
Who Accepted: _bobuttan_
Date: 2025-04-09
Time: 5:04:25 PM
------------------------------------------------------------
Whitelisted: justbeef_
Who Accepted: _bobuttan_
Date: 2025-04-09
Time: 5:11:40 PM
------------------------------------------------------------
Whitelisted: appu_kuttan_gamer
Who Accepted: nimon.bliss
Date: 2025-04-09
Time: 5:19:31 PM
------------------------------------------------------------
Whitelisted: surya_rio
Who Accepted: _bobuttan_
Date: 2025-04-09
Time: 6:08:07 PM
------------------------------------------------------------
Whitelisted: sneakyyybladeee
Who Accepted: bawiaaiaigua
Date: 2025-04-09
Time: 7:05:04 PM
------------------------------------------------------------
Whitelisted: _.malikey
Who Accepted: _bobuttan_
Date: 2025-04-09
Time: 9:10:16 PM
------------------------------------------------------------
Whitelisted: strill.cs
Who Accepted: tom_sir4444
Date: 2025-04-10
Time: 3:33:25 PM
------------------------------------------------------------
Whitelisted: basin.in
Who Accepted: tom_sir4444
Date: 2025-04-10
Time: 3:59:16 PM
------------------------------------------------------------
Whitelisted: sathankurishingal
Who Accepted: abin.ftw
Date: 2025-04-10
Time: 5:36:26 PM
------------------------------------------------------------
Whitelisted: abin.ftw
Who Accepted: firezonegaming_
Date: 2025-04-10
Time: 5:54:18 PM
------------------------------------------------------------
Whitelisted: abin.ftw
Who Accepted: bawiaaiaigua
Date: 2025-04-10
Time: 6:49:30 PM
------------------------------------------------------------
Whitelisted: gulan_op_
Who Accepted: narachii_og
Date: 2025-04-11
Time: 7:09:29 AM
------------------------------------------------------------
Whitelisted: kvasalmu
Who Accepted: _bobuttan_
Date: 2025-04-11
Time: 8:26:42 AM
------------------------------------------------------------
Whitelisted: confident_possum_54228
Who Accepted: nimon.bliss
Date: 2025-04-11
Time: 12:32:54 PM
------------------------------------------------------------
Whitelisted: vdk_tanjiro
Who Accepted: nimon.bliss
Date: 2025-04-11
Time: 12:36:08 PM
------------------------------------------------------------
Whitelisted: lucky_puppy_83403
Who Accepted: nimon.bliss
Date: 2025-04-11
Time: 12:36:10 PM
------------------------------------------------------------
Whitelisted: billyh.bot
Who Accepted: _bobuttan_
Date: 2025-04-11
Time: 12:49:07 PM
------------------------------------------------------------
Whitelisted: narasimha_mannadiar
Who Accepted: stalin_kattakada
Date: 2025-04-11
Time: 3:14:22 PM
------------------------------------------------------------
Whitelisted: aslambinxar
Who Accepted: bawiaaiaigua
Date: 2025-04-11
Time: 3:34:39 PM
------------------------------------------------------------
Whitelisted: jabakko
Who Accepted: _bobuttan_
Date: 2025-04-11
Time: 4:27:40 PM
------------------------------------------------------------
Whitelisted: agru_op
Who Accepted: tom_sir4444
Date: 2025-04-11
Time: 5:14:24 PM
------------------------------------------------------------
Whitelisted: fluffy063278
Who Accepted: abin.ftw
Date: 2025-04-11
Time: 7:07:36 PM
------------------------------------------------------------
Whitelisted: whotf.keni
Who Accepted: sappuzgaming
Date: 2025-04-11
Time: 7:53:16 PM
------------------------------------------------------------
Whitelisted: 1uffyy.exe
Who Accepted: stalin_kattakada
Date: 2025-04-11
Time: 8:43:58 PM
------------------------------------------------------------
Whitelisted: not.zico
Who Accepted: stalin_kattakada
Date: 2025-04-11
Time: 8:44:00 PM
------------------------------------------------------------
Whitelisted: vorxian
Who Accepted: stalin_kattakada
Date: 2025-04-11
Time: 8:44:03 PM
------------------------------------------------------------
Whitelisted: mc_blackman
Who Accepted: tom_sir4444
Date: 2025-04-12
Time: 8:18:11 AM
------------------------------------------------------------
Whitelisted: niko.og
Who Accepted: tom_sir4444
Date: 2025-04-12
Time: 9:01:16 AM
------------------------------------------------------------
Whitelisted: athullllllll____
Who Accepted: .pooppi
Date: 2025-04-12
Time: 11:35:02 AM
------------------------------------------------------------
Whitelisted: daazo.
Who Accepted: bawiaaiaigua
Date: 2025-04-12
Time: 1:10:18 PM
------------------------------------------------------------
Whitelisted: tmgmallu_95403
Who Accepted: _bobuttan_
Date: 2025-04-12
Time: 1:43:29 PM
------------------------------------------------------------
Whitelisted: reox.og
Who Accepted: abin.ftw
Date: 2025-04-13
Time: 8:01:50 AM
------------------------------------------------------------
Whitelisted: aj_ravanan
Who Accepted: _bobuttan_
Date: 2025-04-13
Time: 11:04:23 AM
------------------------------------------------------------
Whitelisted: ext_zenix
Who Accepted: bawiaaiaigua
Date: 2025-04-13
Time: 12:32:41 PM
------------------------------------------------------------
Whitelisted: jacky_chan_.
Who Accepted: _bobuttan_
Date: 2025-04-13
Time: 8:10:39 PM
------------------------------------------------------------
Whitelisted: majnas1081
Who Accepted: abin.ftw
Date: 2025-04-14
Time: 1:43:11 PM
------------------------------------------------------------
Whitelisted: wizaaardddd
Who Accepted: bawiaaiaigua
Date: 2025-04-14
Time: 4:15:38 PM
------------------------------------------------------------
Whitelisted: steve_.og_
Who Accepted: _bobuttan_
Date: 2025-04-15
Time: 8:44:21 AM
------------------------------------------------------------
Whitelisted: m.fasalu
Who Accepted: _bobuttan_
Date: 2025-04-15
Time: 12:50:32 PM
------------------------------------------------------------
Whitelisted: lambo.fxt
Who Accepted: _bobuttan_
Date: 2025-04-15
Time: 3:31:18 PM
------------------------------------------------------------
Whitelisted: danjaar_capzo
Who Accepted: _bobuttan_
Date: 2025-04-15
Time: 3:31:30 PM
------------------------------------------------------------
Whitelisted: ghost_signel_error
Who Accepted: bawiaaiaigua
Date: 2025-04-15
Time: 6:22:16 PM
------------------------------------------------------------
Whitelisted: _j_0_k_e_r
Who Accepted: tom_sir4444
Date: 2025-04-15
Time: 10:14:19 PM
------------------------------------------------------------
Whitelisted: bazuka.eze
Who Accepted: tom_sir4444
Date: 2025-04-16
Time: 8:31:41 AM
------------------------------------------------------------
Whitelisted: manhar__n
Who Accepted: _bobuttan_
Date: 2025-04-16
Time: 10:53:24 AM
------------------------------------------------------------
Whitelisted: fidhan_123
Who Accepted: abin.ftw
Date: 2025-04-16
Time: 12:49:50 PM
------------------------------------------------------------
Whitelisted: pappadamvineeth.
Who Accepted: abin.ftw
Date: 2025-04-16
Time: 2:03:52 PM
------------------------------------------------------------
Whitelisted: master_gokul
Who Accepted: _bobuttan_
Date: 2025-04-16
Time: 8:35:29 PM
------------------------------------------------------------
Whitelisted: shaheemshah
Who Accepted: tom_sir4444
Date: 2025-04-17
Time: 10:51:13 AM
------------------------------------------------------------
Whitelisted: stanzogaming
Who Accepted: tom_sir4444
Date: 2025-04-17
Time: 10:51:14 AM
------------------------------------------------------------
Whitelisted: its_suhail_op
Who Accepted: stalin_kattakada
Date: 2025-04-17
Time: 3:17:08 PM
------------------------------------------------------------
Whitelisted: eagle_ecrp
Who Accepted: stalin_kattakada
Date: 2025-04-17
Time: 3:17:13 PM
------------------------------------------------------------
Whitelisted: its_suhail_op
Who Accepted: stalin_kattakada
Date: 2025-04-17
Time: 3:17:15 PM
------------------------------------------------------------
Whitelisted: larinxspidey
Who Accepted: bawiaaiaigua
Date: 2025-04-18
Time: 5:13:45 PM
------------------------------------------------------------
Whitelisted: _af_in
Who Accepted: tom_sir4444
Date: 2025-04-18
Time: 5:42:19 PM
------------------------------------------------------------
Whitelisted: arktrixkie
Who Accepted: tom_sir4444
Date: 2025-04-18
Time: 5:46:51 PM
------------------------------------------------------------
Whitelisted: ezra_mol
Who Accepted: angel_rosi
Date: 2025-04-19
Time: 5:08:07 AM
------------------------------------------------------------
Whitelisted: vadai_____
Who Accepted: tom_sir4444
Date: 2025-04-19
Time: 3:40:06 PM
------------------------------------------------------------
Whitelisted: sm_ezekhel
Who Accepted: bawiaaiaigua
Date: 2025-04-19
Time: 4:46:24 PM
------------------------------------------------------------
Whitelisted: elric_maddox
Who Accepted: angel_rosi
Date: 2025-04-20
Time: 3:27:35 AM
------------------------------------------------------------
Whitelisted: thanthoni
Who Accepted: tom_sir4444
Date: 2025-04-20
Time: 11:57:19 AM
------------------------------------------------------------
Whitelisted: senpai_og
Who Accepted: angel_rosi
Date: 2025-04-21
Time: 11:36:46 AM
------------------------------------------------------------
Whitelisted: lonle_lif_
Who Accepted: abin.ftw
Date: 2025-04-21
Time: 6:45:09 PM
------------------------------------------------------------
Whitelisted: che1049
Who Accepted: bawiaaiaigua
Date: 2025-04-22
Time: 6:58:28 AM
------------------------------------------------------------
Whitelisted: _sibi_x3_
Who Accepted: bawiaaiaigua
Date: 2025-04-22
Time: 6:58:38 AM
------------------------------------------------------------
Whitelisted: kaisel020
Who Accepted: stalin_kattakada
Date: 2025-04-22
Time: 7:34:47 PM
------------------------------------------------------------
Whitelisted: angel_marco_78404
Who Accepted: stalin_kattakada
Date: 2025-04-22
Time: 7:49:46 PM
------------------------------------------------------------
Whitelisted: mr_lilboy
Who Accepted: lynch_ofc
Date: 2025-04-23
Time: 7:47:17 AM
------------------------------------------------------------
Whitelisted: rizz_boy31102
Who Accepted: pichathi_god
Date: 2025-04-23
Time: 8:59:19 PM
------------------------------------------------------------
Whitelisted: ssytsayi
Who Accepted: pld_appachan
Date: 2025-04-25
Time: 12:59:56 PM
------------------------------------------------------------
Whitelisted: marco_ezra
Who Accepted: pichathi_god
Date: 2025-04-25
Time: 4:27:20 PM
------------------------------------------------------------
Whitelisted: yaennnn
Who Accepted: angel_rosi
Date: 2025-04-28
Time: 5:06:25 AM
------------------------------------------------------------
Whitelisted: kxnnan.
Who Accepted: angel_rosi
Date: 2025-04-29
Time: 6:06:08 PM
------------------------------------------------------------
Whitelisted: jackiechan0570_00487
Who Accepted: lynch_ofc
Date: 2025-04-30
Time: 8:35:51 PM
------------------------------------------------------------
Whitelisted: iz_tommy
Who Accepted: _bobuttan_
Date: 2025-05-01
Time: 12:28:13 PM
------------------------------------------------------------
