BAN LOG

**Banned Player:**
- Username: raidxzero_48295
- User ID: 1340957951439147071

**Ban Details:**
- Ban Code: 2EKLFM9S
- Banned By: .vijay.kumar. (876011535296757792)
- Ban Date & Time: 3/4/2025, 10:03:01 am
- Ban Expiry: 12/04/2025, 11:02 am
- Reason: Illegal File (Ped.ifp & camera cleo)
- Previous Roles: <@&1335677944500326462>, <@&1335677925307056138>, <@&1335677948744830986>, <@&1354773579325112500>, <@&1335677949864706240>
- Notes: None
--------------------------------------------------------------
BAN LOG

**Banned Player:**
- Username: kaitheri_ambuuu
- User ID: 1028731291555856508

**Ban Details:**
- Ban Code: VAR9ISK1
- Banned By: .vijay.kumar. (876011535296757792)
- Ban Date & Time: 3/4/2025, 10:04:29 am
- Ban Expiry: 12/04/2025, 12:04 pm
- Reason: Illegal File, Failure to join vc (alligation: PC movement cleo & wepdat)
- Previous Roles: <@&1335677944500326462>, <@&1335677925307056138>, <@&1354535155468992724>, <@&1335677948744830986>, <@&1335677924187045990>
- Notes: None
--------------------------------------------------------------
BAN LOG

**Banned Player:**
- Username: _hariyeeeeee_98884
- User ID: 1350023558520242226

**Ban Details:**
- Ban Code: T8XBZ11Y
- Banned By: .pooppi (976775919018602516)
- Ban Date & Time: 11/4/2025, 3:39:54 pm
- Ban Expiry: 11/04/2025, 03:40 pm
- Reason: wdad
- Previous Roles: <@&1335677944500326462>, <@&1335677948744830986>
- Notes: None
--------------------------------------------------------------
