--------------------------------------------------------------
UNBAN LOG

**Unbanned Player:**
- Username: zaynnnnnn_backkkk
- User ID: 770857581057015858

**Unbanned By:**
- abin.ftw (1098864799057711145)
- Unban Date & Time: 3/4/2025, 6:00:48 pm

--------------------------------------------------------------
--------------------------------------------------------------
UNBAN LOG

**Unbanned Player:**
- Username: augesto.ftw
- User ID: 1126559985678176427

**Unbanned By:**
- abin.ftw (1098864799057711145)
- Unban Date & Time: 3/4/2025, 6:01:03 pm

--------------------------------------------------------------
--------------------------------------------------------------
UNBAN LOG

**Unbanned Player:**
- Username: moko.og
- User ID: 857650292773617684

**Unbanned By:**
- abin.ftw (1098864799057711145)
- Unban Date & Time: 4/4/2025, 2:56:30 pm

--------------------------------------------------------------
--------------------------------------------------------------
UNBAN LOG

**Unbanned Player:**
- Username: _hariyeeeeee_98884
- User ID: 1350023558520242226

**Unbanned By:**
- _bobuttan_ (1233643609794809902)
- Unban Date & Time: 10/4/2025, 10:23:45 am

--------------------------------------------------------------
--------------------------------------------------------------
UNBAN LOG

**Unbanned Player:**
- Username: _hariyeeeeee_98884
- User ID: 1350023558520242226

**Unbanned By:**
- _bobuttan_ (1233643609794809902)
- Unban Date & Time: 10/4/2025, 3:33:08 pm

--------------------------------------------------------------
--------------------------------------------------------------
UNBAN LOG

**Unbanned Player:**
- Username: aj024959
- User ID: 1284782962151526400

**Unbanned By:**
- abin.ftw (1098864799057711145)
- Unban Date & Time: 10/4/2025, 5:49:52 pm

--------------------------------------------------------------
--------------------------------------------------------------
UNBAN LOG

**Unbanned Player:**
- Username: sinister1247
- User ID: 1285105760119820298

**Unbanned By:**
- _bobuttan_ (1233643609794809902)
- Unban Date & Time: 11/4/2025, 2:15:23 pm

--------------------------------------------------------------
--------------------------------------------------------------
UNBAN LOG

**Unbanned Player:**
- Username: 7171717171
- User ID: 977430207394893824

**Unbanned By:**
- _bobuttan_ (1233643609794809902)
- Unban Date & Time: 11/4/2025, 2:15:51 pm

--------------------------------------------------------------
--------------------------------------------------------------
UNBAN LOG

**Unbanned Player:**
- Username: 4izen._.
- User ID: 1091617058543902780

**Unbanned By:**
- _bobuttan_ (1233643609794809902)
- Unban Date & Time: 11/4/2025, 2:15:59 pm

--------------------------------------------------------------
--------------------------------------------------------------
UNBAN LOG

**Unbanned Player:**
- Username: _hariyeeeeee_98884
- User ID: 1350023558520242226

**Unbanned By:**
- _bobuttan_ (1233643609794809902)
- Unban Date & Time: 11/4/2025, 3:35:35 pm

--------------------------------------------------------------
--------------------------------------------------------------
UNBAN LOG

**Unbanned Player:**
- Username: _hariyeeeeee_98884
- User ID: 1350023558520242226

**Unbanned By:**
- .pooppi (976775919018602516)
- Unban Date & Time: 11/4/2025, 3:44:23 pm

--------------------------------------------------------------
--------------------------------------------------------------
UNBAN LOG

**Unbanned Player:**
- Username: _hariyeeeeee_98884
- User ID: 1350023558520242226

**Unbanned By:**
- _bobuttan_ (1233643609794809902)
- Unban Date & Time: 11/4/2025, 3:48:24 pm

--------------------------------------------------------------
--------------------------------------------------------------
UNBAN LOG

**Unbanned Player:**
- Username: _hariyeeeeee_98884
- User ID: 1350023558520242226

**Unbanned By:**
- _bobuttan_ (1233643609794809902)
- Unban Date & Time: 12/4/2025, 7:11:54 am

--------------------------------------------------------------
--------------------------------------------------------------
UNBAN LOG

**Unbanned Player:**
- Username: raidxzero_48295
- User ID: 1340957951439147071

**Unbanned By:**
- _bobuttan_ (1233643609794809902)
- Unban Date & Time: 13/4/2025, 10:20:12 am

--------------------------------------------------------------
--------------------------------------------------------------
UNBAN LOG

**Unbanned Player:**
- Username: kaitheri_ambuuu
- User ID: 1028731291555856508

**Unbanned By:**
- _bobuttan_ (1233643609794809902)
- Unban Date & Time: 13/4/2025, 10:20:40 am

--------------------------------------------------------------
--------------------------------------------------------------
UNBAN LOG

**Unbanned Player:**
- Username: fahad07819
- User ID: 1146337314801467403

**Unbanned By:**
- abin.ftw (1098864799057711145)
- Unban Date & Time: 29/4/2025, 1:22:49 pm

--------------------------------------------------------------
