Declined: achuzz3383
Who Declined: _bobuttan_
Date: 2025-04-02
Time: 5:23:59 pm
Reason: announcement nok vroi and reapply later..
------------------------------------------------------------
Declined: fortuneplaylowenbrau
Who Declined: _zack_god_
Date: 2025-04-03
Time: 1:51:11 PM
Reason: In-game must be an rp name
------------------------------------------------------------
Declined: zip.file
Who Declined: _zack_god_
Date: 2025-04-04
Time: 9:13:06 AM
Reason: Use correct RP name
------------------------------------------------------------
Declined: _bobuttan_
Who Declined: _bobuttan_
Date: 2025-04-04
Time: 4:47:13 pm
Reason: rhtyh
------------------------------------------------------------
Declined: mar_seen_
Who Declined: _zack_god_
Date: 2025-04-06
Time: 11:45:26 AM
Reason: Rp name
------------------------------------------------------------
Declined: .vijay.kumar.
Who Declined: _bobuttan_
Date: 2025-04-08
Time: 3:46:49 PM
Reason: poi umb
------------------------------------------------------------
