--------------------------------------------------------------
UNBAN LOG

**Unbanned Player:**
- Username: zaynnnnnn_backkkk
- User ID: 770857581057015858

**Unbanned By:**
- abin.ftw (1098864799057711145)
- Unban Date & Time: 3/4/2025, 6:00:48 pm

--------------------------------------------------------------
--------------------------------------------------------------
UNBAN LOG

**Unbanned Player:**
- Username: augesto.ftw
- User ID: 1126559985678176427

**Unbanned By:**
- abin.ftw (1098864799057711145)
- Unban Date & Time: 3/4/2025, 6:01:03 pm

--------------------------------------------------------------
--------------------------------------------------------------
UNBAN LOG

**Unbanned Player:**
- Username: moko.og
- User ID: 857650292773617684

**Unbanned By:**
- abin.ftw (1098864799057711145)
- Unban Date & Time: 4/4/2025, 2:56:30 pm

--------------------------------------------------------------
--------------------------------------------------------------
UNBAN LOG

**Unbanned Player:**
- Username: _hariyeeeeee_98884
- User ID: 1350023558520242226

**Unbanned By:**
- _bobuttan_ (1233643609794809902)
- Unban Date & Time: 10/4/2025, 10:23:45 am

--------------------------------------------------------------
